# JRE version: Java(TM) SE Runtime Environment (8.0_05-b13) (build 1.8.0_05-b13)
# Java VM: Java HotSpot(TM) 64-Bit Server VM (25.5-b02 mixed mode bsd-amd64 compressed oops)
Heap:
 PSYoungGen      total 8192K, used 4829K [0x00000007aab00000, 0x00000007ab880000, 0x00000007c0000000)
  eden space 6656K, 57% used [0x00000007aab00000,0x00000007aaeb7400,0x00000007ab180000)
  from space 1536K, 66% used [0x00000007ab180000,0x00000007ab280000,0x00000007ab300000)
  to   space 1536K, 0% used [0x00000007ab700000,0x00000007ab700000,0x00000007ab880000)
 ParOldGen       total 64000K, used 3068K [0x0000000780000000, 0x0000000783e80000, 0x00000007aab00000)
  object space 64000K, 4% used [0x0000000780000000,0x00000007802ff040,0x0000000783e80000)
 Metaspace       used 12113K, capacity 12670K, committed 12928K, reserved 1060864K
  class space    used 1866K, capacity 1906K, committed 1920K, reserved 1048576K
GC Heap History (10 events):
Event: 1.063 GC heap before
{Heap before GC invocations=7 (full 0):
 PSYoungGen      total 3072K, used 2688K [0x00000007aab00000, 0x00000007aaf00000, 0x00000007c0000000)
  eden space 2048K, 100% used [0x00000007aab00000,0x00000007aad00000,0x00000007aad00000)
  from space 1024K, 62% used [0x00000007aae00000,0x00000007aaea0030,0x00000007aaf00000)
  to   space 1024K, 0% used [0x00000007aad00000,0x00000007aad00000,0x00000007aae00000)
 ParOldGen       total 64000K, used 248K [0x0000000780000000, 0x0000000783e80000, 0x00000007aab00000)
  object space 64000K, 0% used [0x0000000780000000,0x000000078003e000,0x0000000783e80000)
 Metaspace       used 5186K, capacity 6486K, committed 6656K, reserved 1056768K
  class space    used 592K, capacity 650K, committed 768K, reserved 1048576K
Event: 1.065 GC heap after
Heap after GC invocations=7 (full 0):
 PSYoungGen      total 3072K, used 768K [0x00000007aab00000, 0x00000007ab100000, 0x00000007c0000000)
  eden space 2048K, 0% used [0x00000007aab00000,0x00000007aab00000,0x00000007aad00000)
  from space 1024K, 75% used [0x00000007aad00000,0x00000007aadc0020,0x00000007aae00000)
  to   space 1024K, 0% used [0x00000007ab000000,0x00000007ab000000,0x00000007ab100000)
 ParOldGen       total 64000K, used 644K [0x0000000780000000, 0x0000000783e80000, 0x00000007aab00000)
  object space 64000K, 1% used [0x0000000780000000,0x00000007800a1060,0x0000000783e80000)
 Metaspace       used 5186K, capacity 6486K, committed 6656K, reserved 1056768K
  class space    used 592K, capacity 650K, committed 768K, reserved 1048576K
}
Event: 1.230 GC heap before
{Heap before GC invocations=8 (full 0):
 PSYoungGen      total 3072K, used 2815K [0x00000007aab00000, 0x00000007ab100000, 0x00000007c0000000)
  eden space 2048K, 99% used [0x00000007aab00000,0x00000007aacfff98,0x00000007aad00000)
  from space 1024K, 75% used [0x00000007aad00000,0x00000007aadc0020,0x00000007aae00000)
  to   space 1024K, 0% used [0x00000007ab000000,0x00000007ab000000,0x00000007ab100000)
 ParOldGen       total 64000K, used 644K [0x0000000780000000, 0x0000000783e80000, 0x00000007aab00000)
  object space 64000K, 1% used [0x0000000780000000,0x00000007800a1060,0x0000000783e80000)
 Metaspace       used 6196K, capacity 7446K, committed 7552K, reserved 1056768K
  class space    used 794K, capacity 842K, committed 896K, reserved 1048576K
Event: 1.262 GC heap after
Heap after GC invocations=8 (full 0):
 PSYoungGen      total 5120K, used 768K [0x00000007aab00000, 0x00000007ab100000, 0x00000007c0000000)
  eden space 4096K, 0% used [0x00000007aab00000,0x00000007aab00000,0x00000007aaf00000)
  from space 1024K, 75% used [0x00000007ab000000,0x00000007ab0c0020,0x00000007ab100000)
  to   space 1024K, 0% used [0x00000007aaf00000,0x00000007aaf00000,0x00000007ab000000)
 ParOldGen       total 64000K, used 692K [0x0000000780000000, 0x0000000783e80000, 0x00000007aab00000)
  object space 64000K, 1% used [0x0000000780000000,0x00000007800ad060,0x0000000783e80000)
 Metaspace       used 6196K, capacity 7446K, committed 7552K, reserved 1056768K
  class space    used 794K, capacity 842K, committed 896K, reserved 1048576K
}
Event: 1.466 GC heap before
{Heap before GC invocations=9 (full 0):
 PSYoungGen      total 5120K, used 4864K [0x00000007aab00000, 0x00000007ab100000, 0x00000007c0000000)
  eden space 4096K, 100% used [0x00000007aab00000,0x00000007aaf00000,0x00000007aaf00000)
  from space 1024K, 75% used [0x00000007ab000000,0x00000007ab0c0020,0x00000007ab100000)
  to   space 1024K, 0% used [0x00000007aaf00000,0x00000007aaf00000,0x00000007ab000000)
 ParOldGen       total 64000K, used 692K [0x0000000780000000, 0x0000000783e80000, 0x00000007aab00000)
  object space 64000K, 1% used [0x0000000780000000,0x00000007800ad060,0x0000000783e80000)
 Metaspace       used 7665K, capacity 8702K, committed 8832K, reserved 1056768K
  class space    used 1078K, capacity 1138K, committed 1152K, reserved 1048576K
Event: 1.477 GC heap after
Heap after GC invocations=9 (full 0):
 PSYoungGen      total 5120K, used 992K [0x00000007aab00000, 0x00000007ab480000, 0x00000007c0000000)
  eden space 4096K, 0% used [0x00000007aab00000,0x00000007aab00000,0x00000007aaf00000)
  from space 1024K, 96% used [0x00000007aaf00000,0x00000007aaff8010,0x00000007ab000000)
  to   space 1536K, 0% used [0x00000007ab300000,0x00000007ab300000,0x00000007ab480000)
 ParOldGen       total 64000K, used 1240K [0x0000000780000000, 0x0000000783e80000, 0x00000007aab00000)
  object space 64000K, 1% used [0x0000000780000000,0x00000007801363f0,0x0000000783e80000)
 Metaspace       used 7665K, capacity 8702K, committed 8832K, reserved 1056768K
  class space    used 1078K, capacity 1138K, committed 1152K, reserved 1048576K
}
Event: 1.947 GC heap before
{Heap before GC invocations=10 (full 0):
 PSYoungGen      total 5120K, used 5085K [0x00000007aab00000, 0x00000007ab480000, 0x00000007c0000000)
  eden space 4096K, 99% used [0x00000007aab00000,0x00000007aaeff6e8,0x00000007aaf00000)
  from space 1024K, 96% used [0x00000007aaf00000,0x00000007aaff8010,0x00000007ab000000)
  to   space 1536K, 0% used [0x00000007ab300000,0x00000007ab300000,0x00000007ab480000)
 ParOldGen       total 64000K, used 1240K [0x0000000780000000, 0x0000000783e80000, 0x00000007aab00000)
  object space 64000K, 1% used [0x0000000780000000,0x00000007801363f0,0x0000000783e80000)
 Metaspace       used 9162K, capacity 9982K, committed 10112K, reserved 1058816K
  class space    used 1292K, capacity 1330K, committed 1408K, reserved 1048576K
Event: 1.951 GC heap after
Heap after GC invocations=10 (full 0):
 PSYoungGen      total 8192K, used 1371K [0x00000007aab00000, 0x00000007ab480000, 0x00000007c0000000)
  eden space 6656K, 0% used [0x00000007aab00000,0x00000007aab00000,0x00000007ab180000)
  from space 1536K, 89% used [0x00000007ab300000,0x00000007ab456c30,0x00000007ab480000)
  to   space 1536K, 0% used [0x00000007ab180000,0x00000007ab180000,0x00000007ab300000)
 ParOldGen       total 64000K, used 1777K [0x0000000780000000, 0x0000000783e80000, 0x00000007aab00000)
  object space 64000K, 2% used [0x0000000780000000,0x00000007801bc400,0x0000000783e80000)
 Metaspace       used 9162K, capacity 9982K, committed 10112K, reserved 1058816K
  class space    used 1292K, capacity 1330K, committed 1408K, reserved 1048576K
}
Event: 2.708 GC heap before
{Heap before GC invocations=11 (full 0):
 PSYoungGen      total 8192K, used 8027K [0x00000007aab00000, 0x00000007ab480000, 0x00000007c0000000)
  eden space 6656K, 100% used [0x00000007aab00000,0x00000007ab180000,0x00000007ab180000)
  from space 1536K, 89% used [0x00000007ab300000,0x00000007ab456c30,0x00000007ab480000)
  to   space 1536K, 0% used [0x00000007ab180000,0x00000007ab180000,0x00000007ab300000)
 ParOldGen       total 64000K, used 1777K [0x0000000780000000, 0x0000000783e80000, 0x00000007aab00000)
  object space 64000K, 2% used [0x0000000780000000,0x00000007801bc400,0x0000000783e80000)
 Metaspace       used 11589K, capacity 12190K, committed 12416K, reserved 1060864K
  class space    used 1800K, capacity 1810K, committed 1920K, reserved 1048576K
Event: 2.713 GC heap after
Heap after GC invocations=11 (full 0):
 PSYoungGen      total 8192K, used 1024K [0x00000007aab00000, 0x00000007ab880000, 0x00000007c0000000)
  eden space 6656K, 0% used [0x00000007aab00000,0x00000007aab00000,0x00000007ab180000)
  from space 1536K, 66% used [0x00000007ab180000,0x00000007ab280000,0x00000007ab300000)
  to   space 1536K, 0% used [0x00000007ab700000,0x00000007ab700000,0x00000007ab880000)
 ParOldGen       total 64000K, used 3068K [0x0000000780000000, 0x0000000783e80000, 0x00000007aab00000)
  object space 64000K, 4% used [0x0000000780000000,0x00000007802ff040,0x0000000783e80000)
 Metaspace       used 11589K, capacity 12190K, committed 12416K, reserved 1060864K
  class space    used 1800K, capacity 1810K, committed 1920K, reserved 1048576K
}

